<?xml version="1.0" encoding="UTF-8"?>
<!-- Generated by org.testng.reporters.JUnitReportReporter -->
<testsuite hostname="DESKTOP-FMHTC77" failures="0" tests="6" name="parallel.ParallelRun" time="444.059" errors="0" timestamp="2022-10-23T21:07:54 IST" skipped="0">
  <testcase classname="parallel.ParallelRun" name="runScenario" time="74.995"/>
  <system-out/>
  <testcase classname="parallel.ParallelRun" name="runScenario" time="75.022"/>
  <system-out/>
  <testcase classname="parallel.ParallelRun" name="runScenario" time="68.941"/>
  <system-out/>
  <testcase classname="parallel.ParallelRun" name="runScenario" time="75.208"/>
  <system-out/>
  <testcase classname="parallel.ParallelRun" name="runScenario" time="74.832"/>
  <system-out/>
  <testcase classname="parallel.ParallelRun" name="runScenario" time="75.061"/>
  <system-out/>
</testsuite> <!-- parallel.ParallelRun -->
